0 info it worked if it ends with ok
1 verbose cli [ '/usr/local/bin/node', '/usr/local/bin/npm', 'start' ]
2 info using npm@3.10.10
3 info using node@v6.11.2
4 verbose run-script [ 'prestart', 'start', 'poststart' ]
5 info lifecycle ghost@1.6.2~prestart: ghost@1.6.2
6 silly lifecycle ghost@1.6.2~prestart: no script for prestart, continuing
7 info lifecycle ghost@1.6.2~start: ghost@1.6.2
8 verbose lifecycle ghost@1.6.2~start: unsafe-perm in lifecycle true
9 verbose lifecycle ghost@1.6.2~start: PATH: /usr/local/lib/node_modules/npm/bin/node-gyp-bin:/Users/yip/sourcecode/Ghost-1.6.2/node_modules/.bin:/Library/Frameworks/Python.framework/Versions/2.7/bin:/usr/local/bin:/usr/bin:/bin:/usr/sbin:/sbin:/opt/X11/bin:/usr/local/bin:/usr/bin:/bin:/usr/sbin:/sbin:/Users/yip/.rvm/bin
10 verbose lifecycle ghost@1.6.2~start: CWD: /Users/yip/sourcecode/Ghost-1.6.2
11 silly lifecycle ghost@1.6.2~start: Args: [ '-c', 'node index' ]
12 silly lifecycle ghost@1.6.2~start: Returned: code: 255  signal: null
13 info lifecycle ghost@1.6.2~start: Failed to exec start script
14 verbose stack Error: ghost@1.6.2 start: `node index`
14 verbose stack Exit status 255
14 verbose stack     at EventEmitter.<anonymous> (/usr/local/lib/node_modules/npm/lib/utils/lifecycle.js:255:16)
14 verbose stack     at emitTwo (events.js:106:13)
14 verbose stack     at EventEmitter.emit (events.js:191:7)
14 verbose stack     at ChildProcess.<anonymous> (/usr/local/lib/node_modules/npm/lib/utils/spawn.js:40:14)
14 verbose stack     at emitTwo (events.js:106:13)
14 verbose stack     at ChildProcess.emit (events.js:191:7)
14 verbose stack     at maybeClose (internal/child_process.js:891:16)
14 verbose stack     at Process.ChildProcess._handle.onexit (internal/child_process.js:226:5)
15 verbose pkgid ghost@1.6.2
16 verbose cwd /Users/yip/sourcecode/Ghost-1.6.2
17 error Darwin 16.5.0
18 error argv "/usr/local/bin/node" "/usr/local/bin/npm" "start"
19 error node v6.11.2
20 error npm  v3.10.10
21 error code ELIFECYCLE
22 error ghost@1.6.2 start: `node index`
22 error Exit status 255
23 error Failed at the ghost@1.6.2 start script 'node index'.
23 error Make sure you have the latest version of node.js and npm installed.
23 error If you do, this is most likely a problem with the ghost package,
23 error not with npm itself.
23 error Tell the author that this fails on your system:
23 error     node index
23 error You can get information on how to open an issue for this project with:
23 error     npm bugs ghost
23 error Or if that isn't available, you can get their info via:
23 error     npm owner ls ghost
23 error There is likely additional logging output above.
24 verbose exit [ 1, true ]
